{"contracts/Dipfshare.sol":{"l":{"19":3,"30":1,"31":1,"32":1,"36":1,"37":1,"38":0,"42":1,"43":1,"44":1},"path":"/home/aliras/go/src/ipfs-share/eth/contracts/Dipfshare.sol","s":{"1":3,"2":1,"3":1,"4":1,"5":1,"6":1,"7":0,"8":1,"9":1,"10":1},"b":{"1":[1,0],"2":[1,0],"3":[1,0]},"f":{"1":3,"2":1,"3":1,"4":1},"fnMap":{"1":{"name":null,"line":18,"loc":{"start":{"line":18,"column":4},"end":{"line":18,"column":23}}},"2":{"name":"registerUser","line":22,"loc":{"start":{"line":22,"column":4},"end":{"line":29,"column":5}}},"3":{"name":"isUserRegistered","line":35,"loc":{"start":{"line":35,"column":4},"end":{"line":35,"column":66}}},"4":{"name":"getUser","line":41,"loc":{"start":{"line":41,"column":4},"end":{"line":41,"column":86}}}},"statementMap":{"1":{"start":{"line":19,"column":8},"end":{"line":19,"column":25}},"2":{"start":{"line":30,"column":8},"end":{"line":30,"column":69}},"3":{"start":{"line":31,"column":8},"end":{"line":31,"column":82}},"4":{"start":{"line":32,"column":8},"end":{"line":32,"column":39}},"5":{"start":{"line":36,"column":8},"end":{"line":36,"column":841}},"6":{"start":{"line":37,"column":12},"end":{"line":37,"column":23}},"7":{"start":{"line":38,"column":8},"end":{"line":38,"column":20}},"8":{"start":{"line":42,"column":8},"end":{"line":42,"column":41}},"9":{"start":{"line":43,"column":8},"end":{"line":43,"column":44}},"10":{"start":{"line":44,"column":8},"end":{"line":44,"column":73}}},"branchMap":{"1":{"line":30,"type":"if","locations":[{"start":{"line":30,"column":8},"end":{"line":30,"column":8}},{"start":{"line":30,"column":8},"end":{"line":30,"column":8}}]},"2":{"line":36,"type":"if","locations":[{"start":{"line":36,"column":8},"end":{"line":36,"column":8}},{"start":{"line":36,"column":8},"end":{"line":36,"column":8}}]},"3":{"line":42,"type":"if","locations":[{"start":{"line":42,"column":8},"end":{"line":42,"column":8}},{"start":{"line":42,"column":8},"end":{"line":42,"column":8}}]}}}}